<?xml version="1.0" encoding="UTF-8"?>
<testng-results total="1" passed="0" failed="1" skipped="0">
  <reporter-output>
  </reporter-output>
  <suite started-at="2022-09-27T06:15:32Z" name="Default suite" finished-at="2022-09-27T06:15:41Z" duration-ms="8190">
    <groups>
      <group name="cucumber">
        <method signature="AbstractTestNGCucumberTests.runScenario(cucumber.api.testng.PickleEventWrapper, cucumber.api.testng.CucumberFeatureWrapper)[pri:0, instance:com.TestLauncher.TestRunner@69653e16]" name="runScenario" class="cucumber.api.testng.AbstractTestNGCucumberTests"/>
      </group> <!-- cucumber -->
    </groups>
    <test started-at="2022-09-27T06:15:32Z" name="Default test" finished-at="2022-09-27T06:15:41Z" duration-ms="8190">
      <class name="com.TestLauncher.TestRunner">
        <test-method is-config="true" signature="setUpClass()[pri:0, instance:com.TestLauncher.TestRunner@69653e16]" started-at="2022-09-27T11:45:32Z" name="setUpClass" finished-at="2022-09-27T11:45:33Z" duration-ms="149" status="PASS">
          <reporter-output>
          </reporter-output>
        </test-method> <!-- setUpClass -->
        <test-method signature="runScenario(cucumber.api.testng.PickleEventWrapper, cucumber.api.testng.CucumberFeatureWrapper)[pri:0, instance:com.TestLauncher.TestRunner@69653e16]" started-at="2022-09-27T11:45:33Z" name="runScenario" description="Runs Cucumber Scenarios" data-provider="scenarios" finished-at="2022-09-27T11:45:35Z" duration-ms="2367" status="FAIL">
          <params>
            <param index="0">
              <value>
                <![CDATA["TC_001_IMPS_CIB"]]>
              </value>
            </param>
            <param index="1">
              <value>
                <![CDATA["FUNDTRANSFER IMPS"]]>
              </value>
            </param>
          </params>
          <exception class="java.lang.NullPointerException">
            <message>
              <![CDATA[Cannot invoke "String.equals(Object)" because "this.testData" is null]]>
            </message>
            <full-stacktrace>
              <![CDATA[java.lang.NullPointerException: Cannot invoke "String.equals(Object)" because "this.testData" is null
	at com.stepDefinition.IMPS.IMPS_Json.create_Input_File_for_json_from_Excel_Sheet(IMPS_Json.java:153)
	at ✽.Create Input File for json from Excel Sheet(src/test/java/com/feature/IMPS/FundTransfer_IMPS_Feature.feature:8)
]]>
            </full-stacktrace>
          </exception> <!-- java.lang.NullPointerException -->
          <reporter-output>
          </reporter-output>
        </test-method> <!-- runScenario -->
        <test-method is-config="true" signature="tearDownClass()[pri:0, instance:com.TestLauncher.TestRunner@69653e16]" started-at="2022-09-27T11:45:39Z" name="tearDownClass" finished-at="2022-09-27T11:45:41Z" duration-ms="1248" status="PASS">
          <reporter-output>
          </reporter-output>
        </test-method> <!-- tearDownClass -->
      </class> <!-- com.TestLauncher.TestRunner -->
    </test> <!-- Default test -->
  </suite> <!-- Default suite -->
</testng-results>
